<html><head><title>Test Report</title><style>
body {font-family: Helvetica, Arial, sans-serif; font-size: 12px}
a {color: #999}
h2 {font-size: 16px}
table {border: 1px solid #e6e6e6; color: #999; font-size: 12px; border-collapse: collapse}
#configuration tr:nth-child(odd) {background-color: #f6f6f6}
th, td {padding: 5px; border: 1px solid #E6E6E6; text-align: left}
th {font-weight: bold}
tr.passed, tr.skipped, tr.xfailed, tr.error, tr.failed, tr.xpassed {color: inherit}
tr.passed + tr.additional {display: none}
.passed {color: green}
.skipped, .xfailed {color: orange}
.error, .failed, .xpassed {color: red}
.log {display: inline-block; width: 800px; height: 230px; overflow-y: scroll; color: black; border: 1px solid #E6E6E6; padding: 5px; background-color: #E6E6E6; font-family: "Courier New", Courier, monospace; white-space: pre}
.screenshot {display: inline-block; border: 1px solid #E6E6E6; width: 320px; height: 240px; overflow: hidden}
.screenshot img {width: 320px}
.video {display: inline-block; width: 320px; height: 240px}
</style></head><body>
<h2>Configuration</h2>
<table id="configuration">
<tr><td>Base URL</td><td>http://myfavoritebeer.org</td></tr>
<tr><td>Browser</td><td>Android bar on Android</td></tr>
<tr><td>Credentials</td><td>../../webqa-credentials/browser_id.yaml</td></tr>
<tr><td>Driver</td><td>remote</td></tr>
<tr><td>Selenium API</td><td>webdriver</td></tr>
<tr><td>Selenium Server</td><td>http://10.250.7.168:8080</td></tr>
<tr><td>Timeout</td><td>10</td></tr>
</table>
<h2>Summary</h2>
<p>2 tests ran in 74 seconds.<br />
<span class="passed">0 passed</span>, 
<span class="skipped">0 skipped</span>, 
<span class="failed">2 failed</span>, 
<span class="error">0 errors</span>.<br />
<span class="skipped">0 expected failures</span>, 
<span class="failed">0 unexpected passes</span>.</p>
<h2>Results</h2>
<table id="results">
<tr><th>Result</th><th>Class</th><th>Name</th><th>Duration</th><th>Links</th></tr>
<tr class="failed"><td class="failed">Failed</td><td>tests.test_logout.TestLogout</td><td>test_that_user_can_logout</td><td>20s</td><td><a href="debug/tests_test_logout_TestLogout/test_that_user_can_logout/html.txt">HTML</a>, <a href="http://myfavoritebeer.org/">Failing URL</a>, <a href="debug/tests_test_logout_TestLogout/test_that_user_can_logout/screenshot.png">Screenshot</a></td><tr class="additional"><td colspan="5"><div class="log">self = &lt;tests.test_logout.TestLogout instance at 0x101f59cb0&gt;, mozwebqa = &lt;mozwebqa.mozwebqa.TestSetup instance at 0x101f5bd88&gt;<br /><br />    @pytest.mark.nondestructive<br />    def test_that_user_can_logout(self, mozwebqa):<br />        home_pg = HomePage(mozwebqa)<br />        home_pg.go_to_home_page()<br />&gt;       home_pg.sign_in()<br /><br />tests/test_logout.py:19: <br />_ _ _ _ _ _ _ _ _ _ _ _ _ _ _ _ _ _ _ _ _ _ _ _ _ _ _ _ _ _ _ _ _ _ _ _ _ _ _ _ <br /><br />self = &lt;pages.home.HomePage object at 0x101f5c4d0&gt;, user = 'default'<br /><br />    def sign_in(self, user='default'):<br />        credentials = self.testsetup.credentials[user]<br />        self.click_sign_in()<br />        from browserid import BrowserID<br />        browserid = BrowserID(self.selenium, self.timeout)<br />&gt;       browserid.sign_in(credentials['email'], credentials['password'])<br /><br />pages/home.py:29: <br />_ _ _ _ _ _ _ _ _ _ _ _ _ _ _ _ _ _ _ _ _ _ _ _ _ _ _ _ _ _ _ _ _ _ _ _ _ _ _ _ <br /><br />self = &lt;browserid.browser_id.BrowserID object at 0x101f5c990&gt;, email = 'webqa.browserid@gmail.com', password = 12345678<br /><br />    def sign_in(self, email, password):<br />        """Signs in using the specified email address and password."""<br />        if isinstance(self.selenium, selenium.selenium):<br />            from pages.rc.sign_in import SignIn<br />        else:<br />            from pages.webdriver.sign_in import SignIn<br />&gt;       sign_in = SignIn(self.selenium, timeout=self.timeout)<br /><br />browserid/browser_id.py:22: <br />_ _ _ _ _ _ _ _ _ _ _ _ _ _ _ _ _ _ _ _ _ _ _ _ _ _ _ _ _ _ _ _ _ _ _ _ _ _ _ _ <br /><br />self = &lt;browserid.pages.webdriver.sign_in.SignIn object at 0x101f7b2d0&gt;<br /><br />    def __init__(self, *args, **kwargs):<br />        Base.__init__(self, *args, **kwargs)<br />        WebDriverWait(self.selenium, self.timeout).until(<br />&gt;           lambda s: s.find_element(*self._email_locator).is_displayed())<br /><br />browserid/pages/webdriver/sign_in.py:24: <br />_ _ _ _ _ _ _ _ _ _ _ _ _ _ _ _ _ _ _ _ _ _ _ _ _ _ _ _ _ _ _ _ _ _ _ _ _ _ _ _ <br /><br />self = &lt;selenium.webdriver.support.wait.WebDriverWait object at 0x101f6c990&gt;, method = &lt;function &lt;lambda&gt; at 0x101f751b8&gt;<br /><br />    def until(self, method):<br />        """Calls the method provided with the driver as an argument until the \<br />            return value is not False."""<br />        end_time = time.time() + self._timeout<br />        while(time.time() &lt; end_time):<br />            try:<br />                value = method(self._driver)<br />                if value:<br />                    return value<br />            except NoSuchElementException:<br />                pass<br />            time.sleep(self._poll)<br />&gt;       raise TimeoutException()<br /><span class="error">E       TimeoutException: Message: None</span><br /><br />../../../.virtualenvs/3a15e0fda1f0c5ef/lib/python2.7/site-packages/selenium/webdriver/support/wait.py:55: TimeoutException<br /></div><div class="screenshot"><a href="debug/tests_test_logout_TestLogout/test_that_user_can_logout/screenshot.png"><img src="debug/tests_test_logout_TestLogout/test_that_user_can_logout/screenshot.png" /></a></div></td></tr><tr class="failed"><td class="failed">Failed</td><td>tests.test_sign_in.TestSignIn</td><td>test_that_user_can_sign_in</td><td>21s</td><td><a href="debug/tests_test_sign_in_TestSignIn/test_that_user_can_sign_in/html.txt">HTML</a>, <a href="http://myfavoritebeer.org/">Failing URL</a>, <a href="debug/tests_test_sign_in_TestSignIn/test_that_user_can_sign_in/screenshot.png">Screenshot</a></td><tr class="additional"><td colspan="5"><div class="log">self = &lt;tests.test_sign_in.TestSignIn instance at 0x101f79950&gt;, mozwebqa = &lt;mozwebqa.mozwebqa.TestSetup instance at 0x10203b5a8&gt;<br /><br />    @pytest.mark.nondestructive<br />    def test_that_user_can_sign_in(self, mozwebqa):<br />        home_pg = HomePage(mozwebqa)<br />        home_pg.go_to_home_page()<br />&gt;       home_pg.sign_in()<br /><br />tests/test_sign_in.py:19: <br />_ _ _ _ _ _ _ _ _ _ _ _ _ _ _ _ _ _ _ _ _ _ _ _ _ _ _ _ _ _ _ _ _ _ _ _ _ _ _ _ <br /><br />self = &lt;pages.home.HomePage object at 0x101f6c910&gt;, user = 'default'<br /><br />    def sign_in(self, user='default'):<br />        credentials = self.testsetup.credentials[user]<br />        self.click_sign_in()<br />        from browserid import BrowserID<br />        browserid = BrowserID(self.selenium, self.timeout)<br />&gt;       browserid.sign_in(credentials['email'], credentials['password'])<br /><br />pages/home.py:29: <br />_ _ _ _ _ _ _ _ _ _ _ _ _ _ _ _ _ _ _ _ _ _ _ _ _ _ _ _ _ _ _ _ _ _ _ _ _ _ _ _ <br /><br />self = &lt;browserid.browser_id.BrowserID object at 0x101f6c890&gt;, email = 'webqa.browserid@gmail.com', password = 12345678<br /><br />    def sign_in(self, email, password):<br />        """Signs in using the specified email address and password."""<br />        if isinstance(self.selenium, selenium.selenium):<br />            from pages.rc.sign_in import SignIn<br />        else:<br />            from pages.webdriver.sign_in import SignIn<br />&gt;       sign_in = SignIn(self.selenium, timeout=self.timeout)<br /><br />browserid/browser_id.py:22: <br />_ _ _ _ _ _ _ _ _ _ _ _ _ _ _ _ _ _ _ _ _ _ _ _ _ _ _ _ _ _ _ _ _ _ _ _ _ _ _ _ <br /><br />self = &lt;browserid.pages.webdriver.sign_in.SignIn object at 0x101f6c650&gt;<br /><br />    def __init__(self, *args, **kwargs):<br />        Base.__init__(self, *args, **kwargs)<br />        WebDriverWait(self.selenium, self.timeout).until(<br />&gt;           lambda s: s.find_element(*self._email_locator).is_displayed())<br /><br />browserid/pages/webdriver/sign_in.py:24: <br />_ _ _ _ _ _ _ _ _ _ _ _ _ _ _ _ _ _ _ _ _ _ _ _ _ _ _ _ _ _ _ _ _ _ _ _ _ _ _ _ <br /><br />self = &lt;selenium.webdriver.support.wait.WebDriverWait object at 0x101f7bb10&gt;, method = &lt;function &lt;lambda&gt; at 0x101f75230&gt;<br /><br />    def until(self, method):<br />        """Calls the method provided with the driver as an argument until the \<br />            return value is not False."""<br />        end_time = time.time() + self._timeout<br />        while(time.time() &lt; end_time):<br />            try:<br />                value = method(self._driver)<br />                if value:<br />                    return value<br />            except NoSuchElementException:<br />                pass<br />            time.sleep(self._poll)<br />&gt;       raise TimeoutException()<br /><span class="error">E       TimeoutException: Message: None</span><br /><br />../../../.virtualenvs/3a15e0fda1f0c5ef/lib/python2.7/site-packages/selenium/webdriver/support/wait.py:55: TimeoutException<br /></div><div class="screenshot"><a href="debug/tests_test_sign_in_TestSignIn/test_that_user_can_sign_in/screenshot.png"><img src="debug/tests_test_sign_in_TestSignIn/test_that_user_can_sign_in/screenshot.png" /></a></div></td></tr>
</table></body></html>